22:25:34 - === ОКНО ВХОДА СОЗДАНО ===
22:25:35 - Путь к папке: C:\Users\Пк\Desktop\CakeFlow\CakeFlow.App\bin\Debug\net10.0-windows\
22:25:53 - === НАЖАТА КНОПКА ВХОДА ===
22:25:53 - Логин: admin
22:25:53 - Создание контекста БД...
22:25:53 - Контекст создан
22:25:53 - Вызов EnsureDatabaseCreated()...
22:25:54 - EnsureDatabaseCreated() выполнен
22:25:54 - Хэш пароля: JAvlGPq9JyTdtvBO6x2llnRI1+gxwIyPqCKAn3THIKk=
22:25:54 - Поиск пользователя в БД...
22:25:55 - Пользователь найден: ДА
22:25:55 - Успешный вход пользователя: Главный Администратор (ID: 1, Роль: Admin)
22:25:59 - Окно входа скрыто. Создание MainWindow...
22:26:50 - MainWindow создан. Показ...
22:26:54 - MainWindow.ShowDialog() завершен
22:26:54 - Окно входа показано снова
22:26:54 - === ОКОНЧАНИЕ Login_Click ===
22:32:16 - === ОКНО ВХОДА СОЗДАНО ===
22:32:16 - Путь к папке: C:\Users\Пк\Desktop\CakeFlow\CakeFlow.App\bin\Debug\net10.0-windows\
22:32:27 - === НАЖАТА КНОПКА ВХОДА ===
22:32:27 - Логин: admin
22:32:27 - Создание контекста БД...
22:32:28 - Контекст создан
22:32:28 - Вызов EnsureDatabaseCreated()...
22:32:29 - EnsureDatabaseCreated() выполнен
22:32:29 - Хэш пароля: JAvlGPq9JyTdtvBO6x2llnRI1+gxwIyPqCKAn3THIKk=
22:32:29 - Поиск пользователя в БД...
22:32:29 - Пользователь найден: ДА
22:32:29 - Успешный вход пользователя: Главный Администратор (ID: 1, Роль: Admin)
22:32:30 - Окно входа скрыто. Создание MainWindow...
22:35:27 - MainWindow создан. Показ...
22:36:11 - MainWindow.ShowDialog() завершен
22:36:11 - Окно входа показано снова
22:36:11 - === ОКОНЧАНИЕ Login_Click ===
22:40:12 - === ОКНО ВХОДА СОЗДАНО ===
22:40:12 - Путь к папке: C:\Users\Пк\Desktop\CakeFlow\CakeFlow.App\bin\Debug\net10.0-windows\
22:42:35 - === ОКНО ВХОДА СОЗДАНО ===
22:42:35 - Путь к папке: C:\Users\Пк\Desktop\CakeFlow\CakeFlow.App\bin\Debug\net10.0-windows\
22:42:38 - === НАЖАТА КНОПКА ВХОДА ===
22:42:38 - Логин: admin
22:42:38 - Создание контекста БД...
22:42:38 - Контекст создан
22:42:38 - Вызов EnsureDatabaseCreated()...
22:42:39 - EnsureDatabaseCreated() выполнен
22:42:39 - Хэш пароля: JAvlGPq9JyTdtvBO6x2llnRI1+gxwIyPqCKAn3THIKk=
22:42:39 - Поиск пользователя в БД...
22:42:40 - Пользователь найден: ДА
22:42:40 - Успешный вход пользователя: Главный Администратор (ID: 1, Роль: Admin)
22:42:41 - Окно входа скрыто. Создание MainWindow...
22:42:42 - MainWindow создан. Показ...
22:43:59 - MainWindow.ShowDialog() завершен
22:43:59 - Окно входа показано снова
22:43:59 - === ОКОНЧАНИЕ Login_Click ===
22:55:38 - === ОКНО ВХОДА СОЗДАНО ===
22:55:38 - Путь к папке: C:\Users\Пк\Desktop\CakeFlow\CakeFlow.App\bin\Debug\net10.0-windows\
22:55:41 - === НАЖАТА КНОПКА ВХОДА ===
22:55:41 - Логин: admin
22:55:41 - Создание контекста БД...
22:55:41 - Контекст создан
22:55:41 - Вызов EnsureCreated()...
22:55:42 - EnsureCreated() выполнен
22:55:42 - Хэш пароля: JAvlGPq9JyTdtvBO6x2llnRI1+gxwIyPqCKAn3THIKk=
22:55:42 - Поиск пользователя в БД...
22:55:42 - Пользователь найден: ДА
22:55:42 - Успешный вход пользователя: Главный Администратор (ID: 1, Роль: Admin)
22:55:43 - Окно входа скрыто. Создание MainWindow...
22:55:44 - MainWindow создан. Показ...
23:05:00 - === ОКНО ВХОДА СОЗДАНО ===
23:05:00 - Путь к папке: C:\Users\Пк\Desktop\CakeFlow\CakeFlow.App\bin\Debug\net10.0-windows\
23:05:02 - === НАЖАТА КНОПКА ВХОДА ===
23:05:02 - Логин: admin
23:05:02 - Создание контекста БД...
23:05:02 - Контекст создан
23:05:02 - Вызов EnsureCreated()...
23:05:03 - EnsureCreated() выполнен
23:05:03 - Хэш пароля: JAvlGPq9JyTdtvBO6x2llnRI1+gxwIyPqCKAn3THIKk=
23:05:03 - Поиск пользователя в БД...
23:05:04 - Пользователь найден: ДА
23:05:04 - Успешный вход пользователя: Главный Администратор (ID: 1, Роль: Admin)
23:05:05 - Окно входа скрыто. Создание MainWindow...
23:05:06 - MainWindow создан. Показ...
23:05:10 - MainWindow.ShowDialog() завершен
23:05:10 - Окно входа показано снова
23:05:10 - === ОКОНЧАНИЕ Login_Click ===
23:05:12 - === НАЖАТА КНОПКА ВХОДА ===
23:05:12 - Логин: 
23:05:12 - Ошибка: пустые логин или пароль
23:05:21 - === НАЖАТА КНОПКА ВХОДА ===
23:05:21 - Логин: admin
23:05:21 - Создание контекста БД...
23:05:21 - Контекст создан
23:05:21 - Вызов EnsureCreated()...
23:05:21 - EnsureCreated() выполнен
23:05:21 - Хэш пароля: JAvlGPq9JyTdtvBO6x2llnRI1+gxwIyPqCKAn3THIKk=
23:05:21 - Поиск пользователя в БД...
23:05:21 - Пользователь найден: ДА
23:05:21 - Успешный вход пользователя: Главный Администратор (ID: 1, Роль: Admin)
23:05:22 - Окно входа скрыто. Создание MainWindow...
23:06:01 - MainWindow создан. Показ...
23:06:02 - MainWindow.ShowDialog() завершен
23:06:02 - Окно входа показано снова
23:06:02 - === ОКОНЧАНИЕ Login_Click ===
23:06:42 - === ОКНО ВХОДА СОЗДАНО ===
23:06:42 - Путь к папке: C:\Users\Пк\Desktop\CakeFlow\CakeFlow.App\bin\Debug\net10.0-windows\
23:06:43 - === НАЖАТА КНОПКА ВХОДА ===
23:06:43 - Логин: admin
23:06:43 - Создание контекста БД...
23:06:43 - Контекст создан
23:06:43 - Вызов EnsureCreated()...
23:06:44 - EnsureCreated() выполнен
23:06:44 - Хэш пароля: JAvlGPq9JyTdtvBO6x2llnRI1+gxwIyPqCKAn3THIKk=
23:06:44 - Поиск пользователя в БД...
23:06:45 - Пользователь найден: ДА
23:06:45 - Успешный вход пользователя: Главный Администратор (ID: 1, Роль: Admin)
23:06:46 - Окно входа скрыто. Создание MainWindow...
23:06:47 - MainWindow создан. Показ...
23:06:49 - MainWindow.ShowDialog() завершен
23:06:49 - Окно входа показано снова
23:06:49 - === ОКОНЧАНИЕ Login_Click ===
23:08:05 - === ОКНО ВХОДА СОЗДАНО ===
23:08:05 - Путь к папке: C:\Users\Пк\Desktop\CakeFlow\CakeFlow.App\bin\Debug\net10.0-windows\
23:08:06 - === НАЖАТА КНОПКА ВХОДА ===
23:08:06 - Логин: admin
23:08:06 - Создание контекста БД...
23:08:07 - Контекст создан
23:08:07 - Вызов EnsureCreated()...
23:08:08 - EnsureCreated() выполнен
23:08:08 - Хэш пароля: JAvlGPq9JyTdtvBO6x2llnRI1+gxwIyPqCKAn3THIKk=
23:08:08 - Поиск пользователя в БД...
23:08:08 - Пользователь найден: ДА
23:08:08 - Успешный вход пользователя: Главный Администратор (ID: 1, Роль: Admin)
23:08:09 - Окно входа скрыто. Создание MainWindow...
23:08:11 - MainWindow создан. Показ...
23:09:07 - ОШИБКА при создании MainWindow: DialogResult можно задать только после создания Window и его отображения как диалогового окна.
23:09:11 - Окно входа показано снова
23:09:11 - === ОКОНЧАНИЕ Login_Click ===
23:19:23 - === ОКНО ВХОДА СОЗДАНО ===
23:19:23 - Путь к папке: C:\Users\Пк\Desktop\CakeFlow\CakeFlow.App\bin\Debug\net10.0-windows\
23:19:24 - === НАЖАТА КНОПКА ВХОДА ===
23:19:24 - Логин: admin
23:19:24 - Создание контекста БД...
23:19:24 - Контекст создан
23:19:24 - Вызов EnsureCreated()...
23:19:25 - EnsureCreated() выполнен
23:19:25 - Хэш пароля: JAvlGPq9JyTdtvBO6x2llnRI1+gxwIyPqCKAn3THIKk=
23:19:25 - Поиск пользователя в БД...
23:19:26 - Пользователь найден: ДА
23:19:26 - Успешный вход пользователя: Главный Администратор (ID: 1, Роль: Admin)
23:19:27 - Окно входа скрыто. Создание MainWindow...
23:19:28 - MainWindow создан. Показ...
23:21:00 - === ОКНО ВХОДА СОЗДАНО ===
23:21:00 - Путь к папке: C:\Users\Пк\Desktop\CakeFlow\CakeFlow.App\bin\Debug\net10.0-windows\
23:21:00 - MainWindow.ShowDialog() завершен
23:21:00 - Окно входа показано снова
23:21:00 - === ОКОНЧАНИЕ Login_Click ===
23:21:23 - === ОКНО ВХОДА СОЗДАНО ===
23:21:23 - Путь к папке: C:\Users\Пк\Desktop\CakeFlow\CakeFlow.App\bin\Debug\net10.0-windows\
23:21:24 - === НАЖАТА КНОПКА ВХОДА ===
23:21:24 - Логин: admin
23:21:24 - Создание контекста БД...
23:21:24 - Контекст создан
23:21:24 - Вызов EnsureCreated()...
23:21:25 - EnsureCreated() выполнен
23:21:25 - Хэш пароля: JAvlGPq9JyTdtvBO6x2llnRI1+gxwIyPqCKAn3THIKk=
23:21:25 - Поиск пользователя в БД...
23:21:26 - Пользователь найден: ДА
23:21:26 - Успешный вход пользователя: Главный Администратор (ID: 1, Роль: Admin)
23:21:27 - Окно входа скрыто. Создание MainWindow...
23:21:28 - MainWindow создан. Показ...
23:21:36 - MainWindow.ShowDialog() завершен
23:21:36 - Окно входа показано снова
23:21:36 - === ОКОНЧАНИЕ Login_Click ===
23:23:51 - === ОКНО ВХОДА СОЗДАНО ===
23:23:51 - Путь к папке: C:\Users\Пк\Desktop\CakeFlow\CakeFlow.App\bin\Debug\net10.0-windows\
23:23:53 - === НАЖАТА КНОПКА ВХОДА ===
23:23:53 - Логин: admin
23:23:53 - Создание контекста БД...
23:23:53 - Контекст создан
23:23:53 - Вызов EnsureCreated()...
23:23:54 - EnsureCreated() выполнен
23:23:54 - Хэш пароля: JAvlGPq9JyTdtvBO6x2llnRI1+gxwIyPqCKAn3THIKk=
23:23:54 - Поиск пользователя в БД...
23:23:54 - Пользователь найден: ДА
23:23:54 - Успешный вход пользователя: Главный Администратор (ID: 1, Роль: Admin)
23:23:55 - Окно входа скрыто. Создание MainWindow...
23:23:56 - MainWindow создан. Показ...
23:24:48 - MainWindow.ShowDialog() завершен
23:24:48 - Окно входа показано снова
23:24:48 - === ОКОНЧАНИЕ Login_Click ===
23:25:33 - === ОКНО ВХОДА СОЗДАНО ===
23:25:33 - Путь к папке: C:\Users\Пк\Desktop\CakeFlow\CakeFlow.App\bin\Debug\net10.0-windows\
23:25:34 - === НАЖАТА КНОПКА ВХОДА ===
23:25:34 - Логин: admin
23:25:34 - Создание контекста БД...
23:25:35 - Контекст создан
23:25:35 - Вызов EnsureCreated()...
23:25:36 - EnsureCreated() выполнен
23:25:36 - Хэш пароля: JAvlGPq9JyTdtvBO6x2llnRI1+gxwIyPqCKAn3THIKk=
23:25:36 - Поиск пользователя в БД...
23:25:36 - Пользователь найден: ДА
23:25:36 - Успешный вход пользователя: Главный Администратор (ID: 1, Роль: Admin)
23:25:37 - Окно входа скрыто. Создание MainWindow...
23:25:39 - MainWindow создан. Показ...
23:25:43 - MainWindow.ShowDialog() завершен
23:25:43 - Окно входа показано снова
23:25:43 - === ОКОНЧАНИЕ Login_Click ===
